<?xml version="1.0" encoding="UTF-8"?>
<!-- Generated by org.testng.reporters.JUnitReportReporter -->
<testsuite skipped="0" hostname="DESKTOP-Q9HE4RU" name="qaclickacademy.AppiumTest" tests="1" failures="0" timestamp="2019-11-06T13:04:54 IST" time="0.016" errors="0">
  <testcase name="NativeAppIOS" time="0.016" classname="qaclickacademy.AppiumTest"/>
</testsuite> <!-- qaclickacademy.AppiumTest -->
