<?xml version="1.0" encoding="UTF-8"?>
<!-- Generated by org.testng.reporters.JUnitReportReporter -->
<testsuite hostname="DESKTOP-Q9HE4RU" failures="0" tests="2" name="qaclickacademy.RestAPI" time="0.017" errors="0" timestamp="2019-11-05T13:35:11 IST" skipped="0">
  <testcase classname="qaclickacademy.RestAPI" name="PostJira" time="0.000"/>
  <testcase classname="qaclickacademy.RestAPI" name="DeleteTwitter" time="0.017"/>
</testsuite> <!-- qaclickacademy.RestAPI -->
